  ViewSplitScreenMiniMap.cpp
C:\Users\c00272506\Desktop\SplitScreen Game\SplitScreen Game\ViewSplitScreenMiniMap.cpp(47,65): warning C4244: 'argument': conversion from 'T' to 'float', possible loss of data
          with
          [
              T=unsigned int
          ]
C:\Users\c00272506\Desktop\SplitScreen Game\SplitScreen Game\ViewSplitScreenMiniMap.cpp(47,41): warning C4244: 'argument': conversion from 'T' to 'float', possible loss of data
          with
          [
              T=unsigned int
          ]
C:\Users\c00272506\Desktop\SplitScreen Game\SplitScreen Game\ViewSplitScreenMiniMap.cpp(51,65): warning C4244: 'argument': conversion from 'T' to 'float', possible loss of data
          with
          [
              T=unsigned int
          ]
C:\Users\c00272506\Desktop\SplitScreen Game\SplitScreen Game\ViewSplitScreenMiniMap.cpp(51,41): warning C4244: 'argument': conversion from 'T' to 'float', possible loss of data
          with
          [
              T=unsigned int
          ]
  SplitScreen Game.vcxproj -> C:\Users\c00272506\Desktop\SplitScreen Game\Debug\SplitScreen Game.exe
